<?xml version="1.0" encoding="UTF-8"?>
<!-- Generated by org.testng.reporters.JUnitReportReporter -->
<testsuite hostname="LAPTOP-FR304L32" failures="0" tests="1" name="test.FaceWaitTest" time="3.269" errors="0" timestamp="2023-12-27T19:42:29 IST" skipped="0">
  <testcase classname="test.FaceWaitTest" name="createNewAccountTest" time="3.269"/>
</testsuite> <!-- test.FaceWaitTest -->
