<?xml version="1.0" encoding="UTF-8"?>
<!-- Generated by org.testng.reporters.JUnitReportReporter -->
<testsuite hostname="LAPTOP-FR304L32" failures="0" tests="1" name="test.Testing" time="0.001" errors="0" timestamp="2023-12-27T12:17:15 IST" skipped="0">
  <testcase classname="test.Testing" name="sample" time="0.001"/>
</testsuite> <!-- test.Testing -->
