<?xml version="1.0" encoding="UTF-8"?>
<!-- Generated by org.testng.reporters.JUnitReportReporter -->
<testsuite hostname="LAPTOP-FR304L32" failures="0" tests="4" name="test.SampleTest2" time="0.011" errors="0" timestamp="2023-12-27T12:17:15 IST" skipped="0">
  <testcase classname="test.SampleTest2" name="Test" time="0.005"/>
  <testcase classname="test.SampleTest2" name="Test0" time="0.001"/>
  <testcase classname="test.SampleTest2" name="test" time="0.002"/>
  <testcase classname="test.SampleTest2" name="Test1" time="0.003"/>
</testsuite> <!-- test.SampleTest2 -->
