<?xml version="1.0" encoding="UTF-8"?>
<!-- Generated by org.testng.reporters.JUnitReportReporter -->
<testsuite hostname="LAPTOP-FR304L32" failures="0" tests="4" name="test.SampleTest" time="0.013" errors="0" timestamp="2023-12-27T12:17:15 IST" skipped="0">
  <testcase classname="test.SampleTest" name="Test2" time="0.003"/>
  <testcase classname="test.SampleTest" name="Test1" time="0.004"/>
  <testcase classname="test.SampleTest" name="Test2" time="0.003"/>
  <testcase classname="test.SampleTest" name="Test1" time="0.003"/>
</testsuite> <!-- test.SampleTest -->
