<?xml version="1.0" encoding="UTF-8"?>
<!-- Generated by org.testng.reporters.JUnitReportReporter -->
<testsuite hostname="LAPTOP-FR304L32" failures="0" tests="5" name="test.FaceBookLoginTest" time="16.065" errors="0" timestamp="2023-12-27T12:17:15 IST" skipped="0">
  <testcase classname="test.FaceBookLoginTest" name="loginWithValidUserNameAndInvalidPassward" time="2.905"/>
  <testcase classname="test.FaceBookLoginTest" name="loginWithValidUserNameAndInvalidPassward" time="4.138"/>
  <testcase classname="test.FaceBookLoginTest" name="loginWithInvalidUserNameAndValidPassward" time="3.018"/>
  <testcase classname="test.FaceBookLoginTest" name="loginWithValidUserNameAndPassward" time="3.065"/>
  <testcase classname="test.FaceBookLoginTest" name="loginWithInvalidUserNameAndValidPassward" time="2.939"/>
</testsuite> <!-- test.FaceBookLoginTest -->
